==25702== Memcheck, a memory error detector
==25702== Copyright (C) 2002-2017, and GNU GPL'd, by Julian Seward et al.
==25702== Using Valgrind-3.18.1 and LibVEX; rerun with -h for copyright info
==25702== Command: ./testa_rainhas
==25702== Parent PID: 25701
==25702== 
==25702== Invalid read of size 8
==25702==    at 0x11C4E4: std::vector<int, std::allocator<int> >::operator[](unsigned long) (in /home/shiroghost999/college-projects/TDD_rainhas/testa_rainhas)
==25702==    by 0x11BF0E: checa_tabuleiro(std::__cxx11::basic_string<char, std::char_traits<char>, std::allocator<char> >) (in /home/shiroghost999/college-projects/TDD_rainhas/testa_rainhas)
==25702==    by 0x14A7A1: ____C_A_T_C_H____T_E_S_T____2() (in /home/shiroghost999/college-projects/TDD_rainhas/testa_rainhas)
==25702==    by 0x136F85: Catch::TestInvokerAsFunction::invoke() const (in /home/shiroghost999/college-projects/TDD_rainhas/testa_rainhas)
==25702==    by 0x1361A4: Catch::TestCase::invoke() const (in /home/shiroghost999/college-projects/TDD_rainhas/testa_rainhas)
==25702==    by 0x1304A1: Catch::RunContext::invokeActiveTestCase() (in /home/shiroghost999/college-projects/TDD_rainhas/testa_rainhas)
==25702==    by 0x1301C6: Catch::RunContext::runCurrentTest(std::__cxx11::basic_string<char, std::char_traits<char>, std::allocator<char> >&, std::__cxx11::basic_string<char, std::char_traits<char>, std::allocator<char> >&) (in /home/shiroghost999/college-projects/TDD_rainhas/testa_rainhas)
==25702==    by 0x12EC47: Catch::RunContext::runTest(Catch::TestCase const&) (in /home/shiroghost999/college-projects/TDD_rainhas/testa_rainhas)
==25702==    by 0x131DF9: Catch::(anonymous namespace)::TestGroup::execute() (in /home/shiroghost999/college-projects/TDD_rainhas/testa_rainhas)
==25702==    by 0x13329B: Catch::Session::runInternal() (in /home/shiroghost999/college-projects/TDD_rainhas/testa_rainhas)
==25702==    by 0x132F8D: Catch::Session::run() (in /home/shiroghost999/college-projects/TDD_rainhas/testa_rainhas)
==25702==    by 0x174CEC: int Catch::Session::run<char>(int, char const* const*) (in /home/shiroghost999/college-projects/TDD_rainhas/testa_rainhas)
==25702==  Address 0x0 is not stack'd, malloc'd or (recently) free'd
==25702== 
==25702== 
==25702== Process terminating with default action of signal 11 (SIGSEGV)
==25702==    at 0x4C299FC: __pthread_kill_implementation (pthread_kill.c:44)
==25702==    by 0x4C299FC: __pthread_kill_internal (pthread_kill.c:78)
==25702==    by 0x4C299FC: pthread_kill@@GLIBC_2.34 (pthread_kill.c:89)
==25702==    by 0x4BD5475: raise (raise.c:26)
==25702==    by 0x127FA7: Catch::handleSignal(int) (in /home/shiroghost999/college-projects/TDD_rainhas/testa_rainhas)
==25702==    by 0x4BD551F: ??? (in /usr/lib/x86_64-linux-gnu/libc.so.6)
==25702==    by 0x11C4E3: std::vector<int, std::allocator<int> >::operator[](unsigned long) (in /home/shiroghost999/college-projects/TDD_rainhas/testa_rainhas)
==25702== 
==25702== HEAP SUMMARY:
==25702==     in use at exit: 120,213 bytes in 166 blocks
==25702==   total heap usage: 2,690 allocs, 2,524 frees, 475,747 bytes allocated
==25702== 
==25702== LEAK SUMMARY:
==25702==    definitely lost: 0 bytes in 0 blocks
==25702==    indirectly lost: 0 bytes in 0 blocks
==25702==      possibly lost: 0 bytes in 0 blocks
==25702==    still reachable: 120,213 bytes in 166 blocks
==25702==         suppressed: 0 bytes in 0 blocks
==25702== Reachable blocks (those to which a pointer was found) are not shown.
==25702== To see them, rerun with: --leak-check=full --show-leak-kinds=all
==25702== 
==25702== For lists of detected and suppressed errors, rerun with: -s
==25702== ERROR SUMMARY: 1 errors from 1 contexts (suppressed: 0 from 0)
